{"/Users/Develop/repos/BattleShip/BattleShip/src/gameBoard.js": {"path":"/Users/Develop/repos/BattleShip/BattleShip/src/gameBoard.js","all":false,"statementMap":{"0":{"start":{"line":1,"column":0},"end":{"line":1,"column":26}},"1":{"start":{"line":2,"column":0},"end":{"line":2,"column":0}},"2":{"start":{"line":3,"column":0},"end":{"line":3,"column":0}},"3":{"start":{"line":4,"column":0},"end":{"line":4,"column":36}},"4":{"start":{"line":5,"column":0},"end":{"line":5,"column":30}},"5":{"start":{"line":6,"column":0},"end":{"line":6,"column":32}},"6":{"start":{"line":7,"column":0},"end":{"line":7,"column":32}},"7":{"start":{"line":8,"column":0},"end":{"line":8,"column":30}},"8":{"start":{"line":9,"column":0},"end":{"line":9,"column":0}},"9":{"start":{"line":10,"column":0},"end":{"line":10,"column":12}},"10":{"start":{"line":11,"column":0},"end":{"line":11,"column":52}},"11":{"start":{"line":12,"column":0},"end":{"line":12,"column":5}},"12":{"start":{"line":13,"column":0},"end":{"line":13,"column":0}},"13":{"start":{"line":14,"column":0},"end":{"line":14,"column":1}}},"s":{"0":1,"1":1,"2":1,"3":1,"4":4,"5":4,"6":4,"7":4,"8":4,"9":4,"10":4,"11":4,"12":4,"13":4},"branchMap":{"0":{"type":"branch","line":4,"loc":{"start":{"line":4,"column":15},"end":{"line":14,"column":1}},"locations":[{"start":{"line":4,"column":15},"end":{"line":14,"column":1}}]}},"b":{"0":[4]},"fnMap":{"0":{"name":"gameBoard","decl":{"start":{"line":4,"column":15},"end":{"line":14,"column":1}},"loc":{"start":{"line":4,"column":15},"end":{"line":14,"column":1}},"line":4}},"f":{"0":4}}
,"/Users/Develop/repos/BattleShip/BattleShip/src/ship.js": {"path":"/Users/Develop/repos/BattleShip/BattleShip/src/ship.js","all":false,"statementMap":{"0":{"start":{"line":1,"column":0},"end":{"line":1,"column":30}},"1":{"start":{"line":2,"column":0},"end":{"line":2,"column":0}},"2":{"start":{"line":3,"column":0},"end":{"line":3,"column":74}},"3":{"start":{"line":4,"column":0},"end":{"line":4,"column":0}},"4":{"start":{"line":5,"column":0},"end":{"line":5,"column":0}},"5":{"start":{"line":6,"column":0},"end":{"line":6,"column":51}},"6":{"start":{"line":7,"column":0},"end":{"line":7,"column":0}},"7":{"start":{"line":8,"column":0},"end":{"line":8,"column":29}},"8":{"start":{"line":9,"column":0},"end":{"line":9,"column":0}},"9":{"start":{"line":10,"column":0},"end":{"line":10,"column":34}},"10":{"start":{"line":11,"column":0},"end":{"line":11,"column":0}},"11":{"start":{"line":12,"column":0},"end":{"line":12,"column":5}},"12":{"start":{"line":13,"column":0},"end":{"line":13,"column":4}},"13":{"start":{"line":14,"column":0},"end":{"line":14,"column":68}},"14":{"start":{"line":15,"column":0},"end":{"line":15,"column":0}},"15":{"start":{"line":16,"column":0},"end":{"line":16,"column":55}},"16":{"start":{"line":17,"column":0},"end":{"line":17,"column":0}},"17":{"start":{"line":18,"column":0},"end":{"line":18,"column":23}},"18":{"start":{"line":19,"column":0},"end":{"line":19,"column":40}},"19":{"start":{"line":20,"column":0},"end":{"line":20,"column":26}},"20":{"start":{"line":21,"column":0},"end":{"line":21,"column":50}},"21":{"start":{"line":22,"column":0},"end":{"line":22,"column":16}},"22":{"start":{"line":23,"column":0},"end":{"line":23,"column":45}},"23":{"start":{"line":24,"column":0},"end":{"line":24,"column":9}},"24":{"start":{"line":25,"column":0},"end":{"line":25,"column":0}},"25":{"start":{"line":26,"column":0},"end":{"line":26,"column":20}},"26":{"start":{"line":27,"column":0},"end":{"line":27,"column":5}},"27":{"start":{"line":28,"column":0},"end":{"line":28,"column":11}},"28":{"start":{"line":29,"column":0},"end":{"line":29,"column":11}},"29":{"start":{"line":30,"column":0},"end":{"line":30,"column":15}},"30":{"start":{"line":31,"column":0},"end":{"line":31,"column":12}},"31":{"start":{"line":32,"column":0},"end":{"line":32,"column":19}},"32":{"start":{"line":33,"column":0},"end":{"line":33,"column":15}},"33":{"start":{"line":34,"column":0},"end":{"line":34,"column":21}},"34":{"start":{"line":35,"column":0},"end":{"line":35,"column":19}},"35":{"start":{"line":36,"column":0},"end":{"line":36,"column":24}},"36":{"start":{"line":37,"column":0},"end":{"line":37,"column":2}},"37":{"start":{"line":38,"column":0},"end":{"line":38,"column":6}},"38":{"start":{"line":39,"column":0},"end":{"line":39,"column":0}},"39":{"start":{"line":40,"column":0},"end":{"line":40,"column":1}}},"s":{"0":1,"1":1,"2":1,"3":22,"4":22,"5":22,"6":22,"7":22,"8":10,"9":10,"10":10,"11":10,"12":22,"13":22,"14":22,"15":22,"16":2,"17":2,"18":2,"19":7,"20":7,"21":4,"22":4,"23":7,"24":2,"25":2,"26":2,"27":22,"28":22,"29":22,"30":22,"31":22,"32":22,"33":22,"34":22,"35":22,"36":22,"37":22,"38":22,"39":22},"branchMap":{"0":{"type":"branch","line":3,"loc":{"start":{"line":3,"column":15},"end":{"line":40,"column":1}},"locations":[{"start":{"line":3,"column":15},"end":{"line":40,"column":1}}]},"1":{"type":"branch","line":8,"loc":{"start":{"line":8,"column":17},"end":{"line":12,"column":5}},"locations":[{"start":{"line":8,"column":17},"end":{"line":12,"column":5}}]},"2":{"type":"branch","line":14,"loc":{"start":{"line":14,"column":19},"end":{"line":14,"column":68}},"locations":[{"start":{"line":14,"column":19},"end":{"line":14,"column":68}}]},"3":{"type":"branch","line":14,"loc":{"start":{"line":14,"column":43},"end":{"line":14,"column":67}},"locations":[{"start":{"line":14,"column":43},"end":{"line":14,"column":67}}]},"4":{"type":"branch","line":16,"loc":{"start":{"line":16,"column":23},"end":{"line":27,"column":5}},"locations":[{"start":{"line":16,"column":23},"end":{"line":27,"column":5}}]},"5":{"type":"branch","line":19,"loc":{"start":{"line":19,"column":39},"end":{"line":24,"column":9}},"locations":[{"start":{"line":19,"column":39},"end":{"line":24,"column":9}}]},"6":{"type":"branch","line":21,"loc":{"start":{"line":21,"column":12},"end":{"line":21,"column":50}},"locations":[{"start":{"line":21,"column":12},"end":{"line":21,"column":50}}]},"7":{"type":"branch","line":22,"loc":{"start":{"line":22,"column":-1},"end":{"line":23,"column":45}},"locations":[{"start":{"line":22,"column":-1},"end":{"line":23,"column":45}}]}},"b":{"0":[22],"1":[10],"2":[5],"3":[11],"4":[2],"5":[7],"6":[3],"7":[4]},"fnMap":{"0":{"name":"ship","decl":{"start":{"line":3,"column":15},"end":{"line":40,"column":1}},"loc":{"start":{"line":3,"column":15},"end":{"line":40,"column":1}},"line":3},"1":{"name":"hit","decl":{"start":{"line":8,"column":17},"end":{"line":12,"column":5}},"loc":{"start":{"line":8,"column":17},"end":{"line":12,"column":5}},"line":8},"2":{"name":"isSunk","decl":{"start":{"line":14,"column":19},"end":{"line":14,"column":68}},"loc":{"start":{"line":14,"column":19},"end":{"line":14,"column":68}},"line":14},"3":{"name":"takenCells","decl":{"start":{"line":16,"column":23},"end":{"line":27,"column":5}},"loc":{"start":{"line":16,"column":23},"end":{"line":27,"column":5}},"line":16}},"f":{"0":22,"1":10,"2":5,"3":2}}
}
