{"/Users/Develop/repos/BattleShip/BattleShip/src/gameBoard.js": {"path":"/Users/Develop/repos/BattleShip/BattleShip/src/gameBoard.js","all":false,"statementMap":{"0":{"start":{"line":1,"column":0},"end":{"line":1,"column":26}},"1":{"start":{"line":2,"column":0},"end":{"line":2,"column":0}},"2":{"start":{"line":3,"column":0},"end":{"line":3,"column":0}},"3":{"start":{"line":4,"column":0},"end":{"line":4,"column":36}},"4":{"start":{"line":5,"column":0},"end":{"line":5,"column":30}},"5":{"start":{"line":6,"column":0},"end":{"line":6,"column":32}},"6":{"start":{"line":7,"column":0},"end":{"line":7,"column":32}},"7":{"start":{"line":8,"column":0},"end":{"line":8,"column":30}},"8":{"start":{"line":9,"column":0},"end":{"line":9,"column":0}},"9":{"start":{"line":10,"column":0},"end":{"line":10,"column":12}},"10":{"start":{"line":11,"column":0},"end":{"line":11,"column":52}},"11":{"start":{"line":12,"column":0},"end":{"line":12,"column":5}},"12":{"start":{"line":13,"column":0},"end":{"line":13,"column":0}},"13":{"start":{"line":14,"column":0},"end":{"line":14,"column":1}}},"s":{"0":1,"1":1,"2":1,"3":1,"4":4,"5":4,"6":4,"7":4,"8":4,"9":4,"10":4,"11":4,"12":4,"13":4},"branchMap":{"0":{"type":"branch","line":4,"loc":{"start":{"line":4,"column":15},"end":{"line":14,"column":1}},"locations":[{"start":{"line":4,"column":15},"end":{"line":14,"column":1}}]}},"b":{"0":[4]},"fnMap":{"0":{"name":"gameBoard","decl":{"start":{"line":4,"column":15},"end":{"line":14,"column":1}},"loc":{"start":{"line":4,"column":15},"end":{"line":14,"column":1}},"line":4}},"f":{"0":4}}
,"/Users/Develop/repos/BattleShip/BattleShip/src/ship.js": {"path":"/Users/Develop/repos/BattleShip/BattleShip/src/ship.js","all":false,"statementMap":{"0":{"start":{"line":1,"column":0},"end":{"line":1,"column":74}},"1":{"start":{"line":2,"column":0},"end":{"line":2,"column":0}},"2":{"start":{"line":3,"column":0},"end":{"line":3,"column":0}},"3":{"start":{"line":4,"column":0},"end":{"line":4,"column":51}},"4":{"start":{"line":5,"column":0},"end":{"line":5,"column":0}},"5":{"start":{"line":6,"column":0},"end":{"line":6,"column":29}},"6":{"start":{"line":7,"column":0},"end":{"line":7,"column":0}},"7":{"start":{"line":8,"column":0},"end":{"line":8,"column":34}},"8":{"start":{"line":9,"column":0},"end":{"line":9,"column":0}},"9":{"start":{"line":10,"column":0},"end":{"line":10,"column":5}},"10":{"start":{"line":11,"column":0},"end":{"line":11,"column":4}},"11":{"start":{"line":12,"column":0},"end":{"line":12,"column":68}},"12":{"start":{"line":13,"column":0},"end":{"line":13,"column":0}},"13":{"start":{"line":14,"column":0},"end":{"line":14,"column":44}},"14":{"start":{"line":15,"column":0},"end":{"line":15,"column":0}},"15":{"start":{"line":16,"column":0},"end":{"line":16,"column":24}},"16":{"start":{"line":17,"column":0},"end":{"line":17,"column":0}},"17":{"start":{"line":18,"column":0},"end":{"line":18,"column":25}},"18":{"start":{"line":19,"column":0},"end":{"line":19,"column":5}},"19":{"start":{"line":20,"column":0},"end":{"line":20,"column":11}},"20":{"start":{"line":21,"column":0},"end":{"line":21,"column":11}},"21":{"start":{"line":22,"column":0},"end":{"line":22,"column":15}},"22":{"start":{"line":23,"column":0},"end":{"line":23,"column":12}},"23":{"start":{"line":24,"column":0},"end":{"line":24,"column":19}},"24":{"start":{"line":25,"column":0},"end":{"line":25,"column":15}},"25":{"start":{"line":26,"column":0},"end":{"line":26,"column":21}},"26":{"start":{"line":27,"column":0},"end":{"line":27,"column":19}},"27":{"start":{"line":28,"column":0},"end":{"line":28,"column":24}},"28":{"start":{"line":29,"column":0},"end":{"line":29,"column":2}},"29":{"start":{"line":30,"column":0},"end":{"line":30,"column":6}},"30":{"start":{"line":31,"column":0},"end":{"line":31,"column":0}},"31":{"start":{"line":32,"column":0},"end":{"line":32,"column":1}}},"s":{"0":1,"1":20,"2":20,"3":20,"4":20,"5":20,"6":10,"7":10,"8":10,"9":10,"10":20,"11":20,"12":20,"13":20,"14":0,"15":0,"16":0,"17":0,"18":0,"19":20,"20":20,"21":20,"22":20,"23":20,"24":20,"25":20,"26":20,"27":20,"28":20,"29":20,"30":20,"31":20},"branchMap":{"0":{"type":"branch","line":1,"loc":{"start":{"line":1,"column":15},"end":{"line":32,"column":1}},"locations":[{"start":{"line":1,"column":15},"end":{"line":32,"column":1}}]},"1":{"type":"branch","line":6,"loc":{"start":{"line":6,"column":17},"end":{"line":10,"column":5}},"locations":[{"start":{"line":6,"column":17},"end":{"line":10,"column":5}}]},"2":{"type":"branch","line":12,"loc":{"start":{"line":12,"column":19},"end":{"line":12,"column":68}},"locations":[{"start":{"line":12,"column":19},"end":{"line":12,"column":68}}]},"3":{"type":"branch","line":12,"loc":{"start":{"line":12,"column":43},"end":{"line":12,"column":67}},"locations":[{"start":{"line":12,"column":43},"end":{"line":12,"column":67}}]}},"b":{"0":[20],"1":[10],"2":[5],"3":[11]},"fnMap":{"0":{"name":"ship","decl":{"start":{"line":1,"column":15},"end":{"line":32,"column":1}},"loc":{"start":{"line":1,"column":15},"end":{"line":32,"column":1}},"line":1},"1":{"name":"hit","decl":{"start":{"line":6,"column":17},"end":{"line":10,"column":5}},"loc":{"start":{"line":6,"column":17},"end":{"line":10,"column":5}},"line":6},"2":{"name":"isSunk","decl":{"start":{"line":12,"column":19},"end":{"line":12,"column":68}},"loc":{"start":{"line":12,"column":19},"end":{"line":12,"column":68}},"line":12},"3":{"name":"takenCells","decl":{"start":{"line":14,"column":24},"end":{"line":19,"column":5}},"loc":{"start":{"line":14,"column":24},"end":{"line":19,"column":5}},"line":14}},"f":{"0":20,"1":10,"2":5,"3":0}}
}
