TN:
SF:src/gameBoard.js
FN:4,gameBoard
FNF:1
FNH:1
FNDA:4,gameBoard
DA:1,1
DA:2,1
DA:3,1
DA:4,1
DA:5,4
DA:6,4
DA:7,4
DA:8,4
DA:9,4
DA:10,4
DA:11,4
DA:12,4
DA:13,4
DA:14,4
LF:14
LH:14
BRDA:4,0,0,4
BRF:1
BRH:1
end_of_record
TN:
SF:src/ship.js
FN:1,ship
FN:6,hit
FN:12,isSunk
FN:14,takenCells
FNF:4
FNH:3
FNDA:20,ship
FNDA:10,hit
FNDA:5,isSunk
FNDA:0,takenCells
DA:1,1
DA:2,20
DA:3,20
DA:4,20
DA:5,20
DA:6,20
DA:7,10
DA:8,10
DA:9,10
DA:10,10
DA:11,20
DA:12,20
DA:13,20
DA:14,20
DA:15,0
DA:16,0
DA:17,0
DA:18,0
DA:19,0
DA:20,20
DA:21,20
DA:22,20
DA:23,20
DA:24,20
DA:25,20
DA:26,20
DA:27,20
DA:28,20
DA:29,20
DA:30,20
DA:31,20
DA:32,20
LF:32
LH:27
BRDA:1,0,0,20
BRDA:6,1,0,10
BRDA:12,2,0,5
BRDA:12,3,0,11
BRF:4
BRH:4
end_of_record
