TN:
SF:src/gameBoard.js
FN:4,gameBoard
FNF:1
FNH:1
FNDA:4,gameBoard
DA:1,1
DA:2,1
DA:3,1
DA:4,1
DA:5,4
DA:6,4
DA:7,4
DA:8,4
DA:9,4
DA:10,4
DA:11,4
DA:12,4
DA:13,4
DA:14,4
LF:14
LH:14
BRDA:4,0,0,4
BRF:1
BRH:1
end_of_record
TN:
SF:src/ship.js
FN:3,ship
FN:8,hit
FN:14,isSunk
FN:16,takenCells
FNF:4
FNH:4
FNDA:22,ship
FNDA:10,hit
FNDA:5,isSunk
FNDA:2,takenCells
DA:1,1
DA:2,1
DA:3,1
DA:4,22
DA:5,22
DA:6,22
DA:7,22
DA:8,22
DA:9,10
DA:10,10
DA:11,10
DA:12,10
DA:13,22
DA:14,22
DA:15,22
DA:16,22
DA:17,2
DA:18,2
DA:19,2
DA:20,7
DA:21,7
DA:22,4
DA:23,4
DA:24,7
DA:25,2
DA:26,2
DA:27,2
DA:28,22
DA:29,22
DA:30,22
DA:31,22
DA:32,22
DA:33,22
DA:34,22
DA:35,22
DA:36,22
DA:37,22
DA:38,22
DA:39,22
DA:40,22
LF:40
LH:40
BRDA:3,0,0,22
BRDA:8,1,0,10
BRDA:14,2,0,5
BRDA:14,3,0,11
BRDA:16,4,0,2
BRDA:19,5,0,7
BRDA:21,6,0,3
BRDA:22,7,0,4
BRF:8
BRH:8
end_of_record
